{"C:\\Users\\Meu Computador\\Documents\\Rafael\\projetos-github\\BemEstar\\src\\helpers\\buildFilter.js": {"path":"C:\\Users\\Meu Computador\\Documents\\Rafael\\projetos-github\\BemEstar\\src\\helpers\\buildFilter.js","statementMap":{"0":{"start":{"line":1,"column":20},"end":{"line":45,"column":1}},"1":{"start":{"line":2,"column":19},"end":{"line":2,"column":21}},"2":{"start":{"line":5,"column":4},"end":{"line":10,"column":5}},"3":{"start":{"line":6,"column":8},"end":{"line":6,"column":37}},"4":{"start":{"line":9,"column":8},"end":{"line":9,"column":42}},"5":{"start":{"line":12,"column":4},"end":{"line":22,"column":5}},"6":{"start":{"line":13,"column":8},"end":{"line":13,"column":30}},"7":{"start":{"line":14,"column":8},"end":{"line":17,"column":9}},"8":{"start":{"line":15,"column":22},"end":{"line":15,"column":48}},"9":{"start":{"line":16,"column":12},"end":{"line":16,"column":52}},"10":{"start":{"line":16,"column":26},"end":{"line":16,"column":52}},"11":{"start":{"line":18,"column":8},"end":{"line":21,"column":9}},"12":{"start":{"line":19,"column":22},"end":{"line":19,"column":49}},"13":{"start":{"line":20,"column":12},"end":{"line":20,"column":52}},"14":{"start":{"line":20,"column":26},"end":{"line":20,"column":52}},"15":{"start":{"line":24,"column":4},"end":{"line":34,"column":5}},"16":{"start":{"line":25,"column":8},"end":{"line":25,"column":25}},"17":{"start":{"line":26,"column":8},"end":{"line":29,"column":9}},"18":{"start":{"line":27,"column":22},"end":{"line":27,"column":46}},"19":{"start":{"line":28,"column":12},"end":{"line":28,"column":47}},"20":{"start":{"line":28,"column":26},"end":{"line":28,"column":47}},"21":{"start":{"line":30,"column":8},"end":{"line":33,"column":9}},"22":{"start":{"line":31,"column":22},"end":{"line":31,"column":46}},"23":{"start":{"line":32,"column":12},"end":{"line":32,"column":47}},"24":{"start":{"line":32,"column":26},"end":{"line":32,"column":47}},"25":{"start":{"line":36,"column":4},"end":{"line":41,"column":5}},"26":{"start":{"line":37,"column":8},"end":{"line":37,"column":27}},"27":{"start":{"line":39,"column":9},"end":{"line":41,"column":5}},"28":{"start":{"line":40,"column":8},"end":{"line":40,"column":28}},"29":{"start":{"line":43,"column":4},"end":{"line":43,"column":23}},"30":{"start":{"line":44,"column":4},"end":{"line":44,"column":18}},"31":{"start":{"line":47,"column":0},"end":{"line":47,"column":29}}},"fnMap":{"0":{"name":"(anonymous_0)","decl":{"start":{"line":1,"column":20},"end":{"line":1,"column":21}},"loc":{"start":{"line":1,"column":45},"end":{"line":45,"column":1}},"line":1}},"branchMap":{"0":{"loc":{"start":{"line":5,"column":4},"end":{"line":10,"column":5}},"type":"if","locations":[{"start":{"line":5,"column":4},"end":{"line":10,"column":5}},{"start":{"line":8,"column":9},"end":{"line":10,"column":5}}],"line":5},"1":{"loc":{"start":{"line":12,"column":4},"end":{"line":22,"column":5}},"type":"if","locations":[{"start":{"line":12,"column":4},"end":{"line":22,"column":5}},{"start":{},"end":{}}],"line":12},"2":{"loc":{"start":{"line":12,"column":7},"end":{"line":12,"column":44}},"type":"binary-expr","locations":[{"start":{"line":12,"column":7},"end":{"line":12,"column":23}},{"start":{"line":12,"column":27},"end":{"line":12,"column":44}}],"line":12},"3":{"loc":{"start":{"line":14,"column":8},"end":{"line":17,"column":9}},"type":"if","locations":[{"start":{"line":14,"column":8},"end":{"line":17,"column":9}},{"start":{},"end":{}}],"line":14},"4":{"loc":{"start":{"line":16,"column":12},"end":{"line":16,"column":52}},"type":"if","locations":[{"start":{"line":16,"column":12},"end":{"line":16,"column":52}},{"start":{},"end":{}}],"line":16},"5":{"loc":{"start":{"line":18,"column":8},"end":{"line":21,"column":9}},"type":"if","locations":[{"start":{"line":18,"column":8},"end":{"line":21,"column":9}},{"start":{},"end":{}}],"line":18},"6":{"loc":{"start":{"line":20,"column":12},"end":{"line":20,"column":52}},"type":"if","locations":[{"start":{"line":20,"column":12},"end":{"line":20,"column":52}},{"start":{},"end":{}}],"line":20},"7":{"loc":{"start":{"line":24,"column":4},"end":{"line":34,"column":5}},"type":"if","locations":[{"start":{"line":24,"column":4},"end":{"line":34,"column":5}},{"start":{},"end":{}}],"line":24},"8":{"loc":{"start":{"line":24,"column":7},"end":{"line":24,"column":39}},"type":"binary-expr","locations":[{"start":{"line":24,"column":7},"end":{"line":24,"column":21}},{"start":{"line":24,"column":25},"end":{"line":24,"column":39}}],"line":24},"9":{"loc":{"start":{"line":26,"column":8},"end":{"line":29,"column":9}},"type":"if","locations":[{"start":{"line":26,"column":8},"end":{"line":29,"column":9}},{"start":{},"end":{}}],"line":26},"10":{"loc":{"start":{"line":28,"column":12},"end":{"line":28,"column":47}},"type":"if","locations":[{"start":{"line":28,"column":12},"end":{"line":28,"column":47}},{"start":{},"end":{}}],"line":28},"11":{"loc":{"start":{"line":30,"column":8},"end":{"line":33,"column":9}},"type":"if","locations":[{"start":{"line":30,"column":8},"end":{"line":33,"column":9}},{"start":{},"end":{}}],"line":30},"12":{"loc":{"start":{"line":32,"column":12},"end":{"line":32,"column":47}},"type":"if","locations":[{"start":{"line":32,"column":12},"end":{"line":32,"column":47}},{"start":{},"end":{}}],"line":32},"13":{"loc":{"start":{"line":36,"column":4},"end":{"line":41,"column":5}},"type":"if","locations":[{"start":{"line":36,"column":4},"end":{"line":41,"column":5}},{"start":{"line":39,"column":9},"end":{"line":41,"column":5}}],"line":36},"14":{"loc":{"start":{"line":39,"column":9},"end":{"line":41,"column":5}},"type":"if","locations":[{"start":{"line":39,"column":9},"end":{"line":41,"column":5}},{"start":{},"end":{}}],"line":39}},"s":{"0":1,"1":2,"2":2,"3":2,"4":0,"5":2,"6":1,"7":1,"8":1,"9":1,"10":0,"11":1,"12":0,"13":0,"14":0,"15":2,"16":0,"17":0,"18":0,"19":0,"20":0,"21":0,"22":0,"23":0,"24":0,"25":2,"26":0,"27":2,"28":0,"29":2,"30":2,"31":1},"f":{"0":2},"b":{"0":[2,0],"1":[1,1],"2":[2,1],"3":[1,0],"4":[0,1],"5":[0,1],"6":[0,0],"7":[0,2],"8":[2,2],"9":[0,0],"10":[0,0],"11":[0,0],"12":[0,0],"13":[0,2],"14":[0,2]},"_coverageSchema":"1a1c01bbd47fc00a2c39e90264f33305004495a9","hash":"50ffe48591bc7117dff109ac6f8583707ac65c20"}
}
