TN:
SF:src\helpers\buildFilter.js
FN:1,(anonymous_0)
FNF:1
FNH:1
FNDA:2,(anonymous_0)
DA:1,1
DA:2,2
DA:5,2
DA:6,2
DA:9,0
DA:12,2
DA:13,1
DA:14,1
DA:15,1
DA:16,1
DA:18,1
DA:19,0
DA:20,0
DA:24,2
DA:25,0
DA:26,0
DA:27,0
DA:28,0
DA:30,0
DA:31,0
DA:32,0
DA:36,2
DA:37,0
DA:39,2
DA:40,0
DA:43,2
DA:44,2
DA:47,1
LF:28
LH:16
BRDA:5,0,0,2
BRDA:5,0,1,0
BRDA:12,1,0,1
BRDA:12,1,1,1
BRDA:12,2,0,2
BRDA:12,2,1,1
BRDA:14,3,0,1
BRDA:14,3,1,0
BRDA:16,4,0,0
BRDA:16,4,1,1
BRDA:18,5,0,0
BRDA:18,5,1,1
BRDA:20,6,0,0
BRDA:20,6,1,0
BRDA:24,7,0,0
BRDA:24,7,1,2
BRDA:24,8,0,2
BRDA:24,8,1,2
BRDA:26,9,0,0
BRDA:26,9,1,0
BRDA:28,10,0,0
BRDA:28,10,1,0
BRDA:30,11,0,0
BRDA:30,11,1,0
BRDA:32,12,0,0
BRDA:32,12,1,0
BRDA:36,13,0,0
BRDA:36,13,1,2
BRDA:39,14,0,0
BRDA:39,14,1,2
BRF:30
BRH:13
end_of_record
